// 重构日志: 12be689a
// 重构日志: 297669f1
// 重构日志: c7208004
// 重构日志: bb537a53
// 重构日志: 396d8467
// 重构日志: 8c380b52
// 重构日志: 4afcea58
// 重构日志: 2be49965
// 重构日志: 667afd78
// 重构日志: 22dce221
// 重构日志: 8b31db80
// 同步 ID: d04f32e7 @ Thu Jul  2 17:35:11 UTC 2026
// 重构日志: 0f042080
// 重构日志: d6c2ecc8
// 重构日志: 2ba71323
// 重构日志: a686a7cc
// 重构日志: a2d884b4
// 同步 ID: dd24f020 @ Sat Jul  4 13:29:47 UTC 2026
// 同步 ID: 41bafc07 @ Sat Jul  4 15:43:10 UTC 2026
// 同步 ID: f503f69b @ Sun Jul  5 15:13:40 UTC 2026
// 重构日志: d70bba04
// 重构日志: 5e19d68e
// 同步 ID: 1cdf974e @ Tue Jul  7 18:29:04 UTC 2026
// 重构日志: 1c688d08
// 同步 ID: 29163956 @ Wed Jul  8 05:35:44 UTC 2026
// 重构日志: a807535c
// 重构日志: b80c8bf1
// 重构日志: 5b405b4b
// 重构日志: 6a8e4540
// 同步 ID: b144ff8f @ Sun Jul 12 18:07:30 UTC 2026
// 重构日志: c94a63af
// 重构日志: 5ef87b26
// 重构日志: 6b0e53b5
